c:\0_dx\230131_忍者普尼利\230107_opengl\230101_最后\assimp-demo\debug\vc142.pdb
c:\0_dx\230131_忍者普尼利\230107_opengl\230101_最后\assimp-demo\debug\vc142.idb
c:\0_dx\230131_忍者普尼利\230107_opengl\230101_最后\assimp-demo\debug\maths_funcs.obj
c:\0_dx\230131_忍者普尼利\230107_opengl\230101_最后\assimp-demo\debug\main.obj
c:\0_dx\230131_忍者普尼利\230131_实时渲染_1\qdo\assimp-demo\debug\vc142.pdb
c:\0_dx\230131_忍者普尼利\230131_实时渲染_1\qdo\assimp-demo\debug\vc142.idb
c:\0_dx\230131_忍者普尼利\230131_实时渲染_1\qdo\assimp-demo\debug\maths_funcs.obj
c:\0_dx\230131_忍者普尼利\230131_实时渲染_1\qdo\assimp-demo\debug\main.obj
c:\0_dx\230131_忍者普尼利\230206_实时渲染_2\qdo\assimp-demo\debug\vc142.pdb
c:\0_dx\230131_忍者普尼利\230206_实时渲染_2\qdo\assimp-demo\debug\vc142.idb
c:\0_dx\230131_忍者普尼利\230206_实时渲染_2\qdo\assimp-demo\debug\stb_image.obj
c:\0_dx\230131_忍者普尼利\230206_实时渲染_2\qdo\assimp-demo\debug\maths_funcs.obj
c:\0_dx\230131_忍者普尼利\230206_实时渲染_2\qdo\assimp-demo\debug\main.obj
c:\0_dx\230131_忍者普尼利\230206_实时渲染_2\qdo\assimp-demo\debug\hello_triangle.obj
c:\0_dx\230131_忍者普尼利\mytest_2\debug\vc142.pdb
c:\0_dx\230131_忍者普尼利\mytest_2\debug\vc142.idb
c:\0_dx\230131_忍者普尼利\mytest_2\debug\stb_image.obj
c:\0_dx\230131_忍者普尼利\mytest_2\debug\maths_funcs.obj
c:\0_dx\230131_忍者普尼利\mytest_2\debug\main.obj
c:\0_dx\230131_忍者普尼利\mytest_2\debug\main_skybox.obj
c:\0_dx\230131_忍者普尼利\mytest_2\debug\main_model_loading.obj
c:\0_dx\230131_忍者普尼利\230107_opengl\230101_最后\assimp-demo\debug\assimp-demo.exe
c:\0_dx\230131_忍者普尼利\230107_opengl\230101_最后\assimp-demo\debug\assimp-demo.ilk
c:\0_dx\230131_忍者普尼利\230107_opengl\230101_最后\assimp-demo\debug\assimp-demo.pdb
c:\0_dx\230131_忍者普尼利\230131_实时渲染_1\qdo\assimp-demo\debug\assimp-demo.exe
c:\0_dx\230131_忍者普尼利\230131_实时渲染_1\qdo\assimp-demo\debug\assimp-demo.ilk
c:\0_dx\230131_忍者普尼利\230131_实时渲染_1\qdo\assimp-demo\debug\assimp-demo.pdb
c:\0_dx\230131_忍者普尼利\230206_实时渲染_2\qdo\assimp-demo\debug\assimp-demo.exe
c:\0_dx\230131_忍者普尼利\230206_实时渲染_2\qdo\assimp-demo\debug\assimp-demo.ilk
c:\0_dx\230131_忍者普尼利\230206_实时渲染_2\qdo\assimp-demo\debug\assimp-demo.pdb
c:\0_dx\230131_忍者普尼利\mytest_2\debug\assimp-demo.exe
c:\0_dx\230131_忍者普尼利\mytest_2\debug\assimp-demo.ilk
c:\0_dx\230131_忍者普尼利\mytest_2\debug\assimp-demo.pdb
c:\0_dx\230131_忍者普尼利\mytest_2\debug\armadillo.obj
c:\0_dx\230131_忍者普尼利\mytest_2\debug\ateneam.obj
c:\0_dx\230131_忍者普尼利\mytest_2\debug\bar_chair_2.obj
c:\0_dx\230131_忍者普尼利\mytest_2\debug\bunny.obj
c:\0_dx\230131_忍者普尼利\mytest_2\debug\camel.obj
c:\0_dx\230131_忍者普尼利\mytest_2\debug\car.obj
c:\0_dx\230131_忍者普尼利\mytest_2\debug\child.obj
c:\0_dx\230131_忍者普尼利\mytest_2\debug\cow.obj
c:\0_dx\230131_忍者普尼利\mytest_2\debug\elepham.obj
c:\0_dx\230131_忍者普尼利\mytest_2\debug\hello_triangle.obj
c:\0_dx\230131_忍者普尼利\mytest_2\debug\ironman.obj
c:\0_dx\230131_忍者普尼利\mytest_2\debug\jet-usa_v1.obj
c:\0_dx\230131_忍者普尼利\mytest_2\debug\lscm_bunny.obj
c:\0_dx\230131_忍者普尼利\mytest_2\debug\machinegunturret.obj
c:\0_dx\230131_忍者普尼利\mytest_2\debug\sphere.obj
c:\0_dx\230131_忍者普尼利\mytest_2\debug\t-rex.obj
c:\0_dx\230131_忍者普尼利\mytest_2\debug\teapot.obj
c:\0_dx\230131_忍者普尼利\mytest_2\debug\venusl.obj
c:\0_dx\230131_忍者普尼利\mytest_2\debug\main.new.obj.enc
c:\0_dx\230131_忍者普尼利\mytest_2\debug\vc143.idb
c:\0_dx\230131_忍者普尼利\mytest_2\debug\vc143.pdb
c:\0_dx\230131_忍者普尼利\mytest_2\debug\assimp-demo.tlog\cl.command.1.tlog
c:\0_dx\230131_忍者普尼利\mytest_2\debug\assimp-demo.tlog\cl.read.1.tlog
c:\0_dx\230131_忍者普尼利\mytest_2\debug\assimp-demo.tlog\cl.write.1.tlog
c:\0_dx\230131_忍者普尼利\mytest_2\debug\assimp-demo.tlog\link.command.1.tlog
c:\0_dx\230131_忍者普尼利\mytest_2\debug\assimp-demo.tlog\link.read.1.tlog
c:\0_dx\230131_忍者普尼利\mytest_2\debug\assimp-demo.tlog\link.write.1.tlog
